A51 MACRO ASSEMBLER  DOSYA                                                                03/09/2020 18:51:25 PAGE     1


MACRO ASSEMBLER A51 V8.2.7.0
OBJECT MODULE PLACED IN .\Objects\dosya.obj
ASSEMBLER INVOKED BY: C:\Keil_v5\C51\BIN\A51.EXE dosya.asm SET(SMALL) DEBUG PRINT(.\Listings\dosya.lst) OBJECT(.\Objects
                      \dosya.obj) EP

LOC  OBJ            LINE     SOURCE

0000                   1     ORG 0H
0000 802E              2     SJMP BASLA
0030                   3     ORG 30H
                       4     
0030 752010            5     BASLA:MOV 20H,#10H
0033 752112            6     MOV 21H,#12H
                       7     
0036 E520              8     MOV A,20H
0038 2521              9     ADD A,21H
                      10     
                      11     END
A51 MACRO ASSEMBLER  DOSYA                                                                03/09/2020 18:51:25 PAGE     2

SYMBOL TABLE LISTING
------ ----- -------


N A M E             T Y P E  V A L U E   ATTRIBUTES

BASLA. . . . . . .  C ADDR   0030H   A   


REGISTER BANK(S) USED: 0 


ASSEMBLY COMPLETE.  0 WARNING(S), 0 ERROR(S)
