C51 COMPILER V9.60.0.0   SINUS                                                             03/09/2020 21:01:31 PAGE 1   


C51 COMPILER V9.60.0.0, COMPILATION OF MODULE SINUS
OBJECT MODULE PLACED IN .\Objects\Sinus.obj
COMPILER INVOKED BY: C:\Keil_v5\C51\BIN\C51.EXE Sinus.C OPTIMIZE(8,SPEED) BROWSE DEBUG OBJECTEXTEND PRINT(.\Listings\Sin
                    -us.lst) TABS(2) OBJECT(.\Objects\Sinus.obj)

line level    source

   1          #include<reg51.h>
   2          #include<intrins.h>
   3          
   4          void main() {
   5   1        
   6   1        unsigned i;
   7   1        
   8   1        unsigned int WAVEVALUE[16] =
   9   1        {
  10   1          128,192,224,240,255,
  11   1          240,224,192,128,
  12   1          64,32,16,0,
  13   1          16,32,64
  14   1        };
  15   1        
  16   1        while(1) {
  17   2          
  18   2          for(i=0; i<16; i++)
  19   2            P1 = WAVEVALUE[i];
  20   2          
  21   2          _nop_();
  22   2          _nop_();
  23   2          _nop_();
  24   2          _nop_();
  25   2          _nop_();
  26   2          _nop_();
  27   2          
  28   2        }
  29   1        
  30   1        
  31   1        
  32   1      }


MODULE INFORMATION:   STATIC OVERLAYABLE
   CODE SIZE        =     51    ----
   CONSTANT SIZE    =     32    ----
   XDATA SIZE       =   ----    ----
   PDATA SIZE       =   ----    ----
   DATA SIZE        =   ----      32
   IDATA SIZE       =   ----    ----
   BIT SIZE         =   ----    ----
END OF MODULE INFORMATION.


C51 COMPILATION COMPLETE.  0 WARNING(S),  0 ERROR(S)
